#
# There is insufficient memory for the Java Runtime Environment to continue.
# Native memory allocation (malloc) failed to allocate 1985936 bytes. Error detail: Chunk::new
# Possible reasons:
#   The system is out of physical RAM or swap space
#   This process is running with CompressedOops enabled, and the Java Heap may be blocking the growth of the native heap
# Possible solutions:
#   Reduce memory load on the system
#   Increase physical memory or swap space
#   Check if swap backing store is full
#   Decrease Java heap size (-Xmx/-Xms)
#   Decrease number of Java threads
#   Decrease Java thread stack sizes (-Xss)
#   Set larger code cache with -XX:ReservedCodeCacheSize=
#   JVM is running with Unscaled Compressed Oops mode in which the Java heap is
#     placed in the first 4GB address space. The Java Heap base address is the
#     maximum limit for the native heap growth. Please use -XX:HeapBaseMinAddress
#     to set the Java Heap base and to place the Java Heap above 4GB virtual address.
# This output file may be truncated or incomplete.
#
#  Out of Memory Error (arena.cpp:191), pid=21088, tid=25864
#
# JRE version: OpenJDK Runtime Environment Microsoft-11369865 (17.0.15+6) (build 17.0.15+6-LTS)
# Java VM: OpenJDK 64-Bit Server VM Microsoft-11369865 (17.0.15+6-LTS, mixed mode, sharing, tiered, compressed oops, compressed class ptrs, g1 gc, windows-amd64)
# No core dump will be written. Minidumps are not enabled by default on client versions of Windows
#

---------------  S U M M A R Y ------------

Command Line: --add-opens=java.base/java.lang=ALL-UNNAMED --add-opens=java.base/java.lang.invoke=ALL-UNNAMED --add-opens=java.base/java.util=ALL-UNNAMED --add-opens=java.prefs/java.util.prefs=ALL-UNNAMED --add-exports=jdk.compiler/com.sun.tools.javac.api=ALL-UNNAMED --add-exports=jdk.compiler/com.sun.tools.javac.util=ALL-UNNAMED --add-opens=java.base/java.util=ALL-UNNAMED --add-opens=java.prefs/java.util.prefs=ALL-UNNAMED --add-opens=java.base/java.nio.charset=ALL-UNNAMED --add-opens=java.base/java.net=ALL-UNNAMED --add-opens=java.base/java.util.concurrent.atomic=ALL-UNNAMED --add-opens=java.xml/javax.xml.namespace=ALL-UNNAMED -XX:MaxMetaspaceSize=512m -Xmx2048m -Dfile.encoding=UTF-8 -Duser.country=IN -Duser.language=en -Duser.variant -javaagent:C:\Users\ANAND KUMAR E\.gradle\wrapper\dists\gradle-8.14.1-bin\baw1sv0jfoi8rxs14qo3h49cs\gradle-8.14.1\lib\agents\gradle-instrumentation-agent-8.14.1.jar org.gradle.launcher.daemon.bootstrap.GradleDaemon 8.14.1

Host: 11th Gen Intel(R) Core(TM) i5-11300H @ 3.10GHz, 8 cores, 7G,  Windows 11 , 64 bit Build 26100 (10.0.26100.5733)
Time: Wed Aug  6 16:33:47 2025 India Standard Time elapsed time: 8.796212 seconds (0d 0h 0m 8s)

---------------  T H R E A D  ---------------

Current thread (0x000001016d3127b0):  JavaThread "C2 CompilerThread1" daemon [_thread_in_native, id=25864, stack(0x0000000102c00000,0x0000000102d00000)]


Current CompileTask:
C2:   8796 2511   !   4       java.net.URLClassLoader::findClass (47 bytes)

Stack: [0x0000000102c00000,0x0000000102d00000]
Native frames: (J=compiled Java code, j=interpreted, Vv=VM code, C=native code)
V  [jvm.dll+0x6887a9]
V  [jvm.dll+0x83f5a8]
V  [jvm.dll+0x841053]
V  [jvm.dll+0x8416c3]
V  [jvm.dll+0x2496ef]
V  [jvm.dll+0xad134]
V  [jvm.dll+0xad7cc]
V  [jvm.dll+0x36aedf]
V  [jvm.dll+0x335513]
V  [jvm.dll+0x3349aa]
V  [jvm.dll+0x21a908]
V  [jvm.dll+0x219d3f]
V  [jvm.dll+0x1a55f6]
V  [jvm.dll+0x22a39a]
V  [jvm.dll+0x2284db]
V  [jvm.dll+0x7f4e28]
V  [jvm.dll+0x7ef2dc]
V  [jvm.dll+0x687687]
C  [ucrtbase.dll+0x37b0]
C  [KERNEL32.DLL+0x2e8d7]
C  [ntdll.dll+0x128dc]


---------------  P R O C E S S  ---------------

Threads class SMR info:
_java_thread_list=0x000001016d946fd0, length=26, elements={
0x00000101489a4f30, 0x0000010166e2b0d0, 0x0000010166e2c710, 0x0000010166e44350,
0x0000010166e44c20, 0x0000010166e46060, 0x0000010166e46930, 0x0000010166e5e810,
0x0000010166e5f120, 0x0000010166e645f0, 0x0000010166e14ad0, 0x000001016b19a0c0,
0x000001016c3fe6b0, 0x000001016ca0c480, 0x000001016c8a8470, 0x000001016c8b9ec0,
0x000001016b4e2820, 0x000001016b0e3d60, 0x000001016b0e3850, 0x000001016b0e2410,
0x000001016b0e4780, 0x000001016b0e2920, 0x000001016b0e4270, 0x000001016b0e4c90,
0x000001016b0e2e30, 0x000001016d3127b0
}

Java Threads: ( => current thread )
  0x00000101489a4f30 JavaThread "main" [_thread_blocked, id=25228, stack(0x0000000100600000,0x0000000100700000)]
  0x0000010166e2b0d0 JavaThread "Reference Handler" daemon [_thread_blocked, id=11560, stack(0x0000000100d00000,0x0000000100e00000)]
  0x0000010166e2c710 JavaThread "Finalizer" daemon [_thread_blocked, id=2552, stack(0x0000000100e00000,0x0000000100f00000)]
  0x0000010166e44350 JavaThread "Signal Dispatcher" daemon [_thread_blocked, id=23572, stack(0x0000000100f00000,0x0000000101000000)]
  0x0000010166e44c20 JavaThread "Attach Listener" daemon [_thread_blocked, id=23812, stack(0x0000000101000000,0x0000000101100000)]
  0x0000010166e46060 JavaThread "Service Thread" daemon [_thread_blocked, id=21044, stack(0x0000000101100000,0x0000000101200000)]
  0x0000010166e46930 JavaThread "Monitor Deflation Thread" daemon [_thread_blocked, id=26540, stack(0x0000000101200000,0x0000000101300000)]
  0x0000010166e5e810 JavaThread "C2 CompilerThread0" daemon [_thread_blocked, id=32848, stack(0x0000000101300000,0x0000000101400000)]
  0x0000010166e5f120 JavaThread "C1 CompilerThread0" daemon [_thread_blocked, id=28924, stack(0x0000000101400000,0x0000000101500000)]
  0x0000010166e645f0 JavaThread "Sweeper thread" daemon [_thread_blocked, id=3404, stack(0x0000000101500000,0x0000000101600000)]
  0x0000010166e14ad0 JavaThread "Common-Cleaner" daemon [_thread_blocked, id=29908, stack(0x0000000101600000,0x0000000101700000)]
  0x000001016b19a0c0 JavaThread "Notification Thread" daemon [_thread_blocked, id=21932, stack(0x0000000101700000,0x0000000101800000)]
  0x000001016c3fe6b0 JavaThread "Daemon health stats" [_thread_blocked, id=24092, stack(0x0000000102000000,0x0000000102100000)]
  0x000001016ca0c480 JavaThread "Incoming local TCP Connector on port 52433" [_thread_in_native, id=32316, stack(0x0000000101e00000,0x0000000101f00000)]
  0x000001016c8a8470 JavaThread "Daemon periodic checks" [_thread_blocked, id=19440, stack(0x0000000102100000,0x0000000102200000)]
  0x000001016c8b9ec0 JavaThread "Daemon" [_thread_blocked, id=33368, stack(0x0000000102200000,0x0000000102300000)]
  0x000001016b4e2820 JavaThread "Handler for socket connection from /127.0.0.1:52433 to /127.0.0.1:52439" [_thread_in_native, id=27624, stack(0x0000000102300000,0x0000000102400000)]
  0x000001016b0e3d60 JavaThread "Cancel handler" [_thread_blocked, id=17572, stack(0x0000000102400000,0x0000000102500000)]
  0x000001016b0e3850 JavaThread "Daemon worker" [_thread_in_vm, id=31560, stack(0x0000000102500000,0x0000000102600000)]
  0x000001016b0e2410 JavaThread "Asynchronous log dispatcher for DefaultDaemonConnection: socket connection from /127.0.0.1:52433 to /127.0.0.1:52439" [_thread_blocked, id=24768, stack(0x0000000102600000,0x0000000102700000)]
  0x000001016b0e4780 JavaThread "Stdin handler" [_thread_blocked, id=26812, stack(0x0000000102700000,0x0000000102800000)]
  0x000001016b0e2920 JavaThread "Daemon client event forwarder" [_thread_blocked, id=28488, stack(0x0000000102800000,0x0000000102900000)]
  0x000001016b0e4270 JavaThread "Cache worker for journal cache (C:\Users\ANAND KUMAR E\.gradle\caches\journal-1)" [_thread_blocked, id=33220, stack(0x0000000102900000,0x0000000102a00000)]
  0x000001016b0e4c90 JavaThread "File lock request listener" [_thread_in_native, id=26372, stack(0x0000000102a00000,0x0000000102b00000)]
  0x000001016b0e2e30 JavaThread "Cache worker for file hash cache (C:\Users\ANAND KUMAR E\.gradle\caches\8.14.1\fileHashes)" [_thread_blocked, id=29344, stack(0x0000000102b00000,0x0000000102c00000)]
=>0x000001016d3127b0 JavaThread "C2 CompilerThread1" daemon [_thread_in_native, id=25864, stack(0x0000000102c00000,0x0000000102d00000)]

Other Threads:
  0x0000010166e26de0 VMThread "VM Thread" [stack: 0x0000000100c00000,0x0000000100d00000] [id=24268]
  0x00000101489a5cc0 WatcherThread [stack: 0x0000000101800000,0x0000000101900000] [id=29932]
  0x00000101466ae870 GCTaskThread "GC Thread#0" [stack: 0x0000000100700000,0x0000000100800000] [id=25212]
  0x000001016b1a0df0 GCTaskThread "GC Thread#1" [stack: 0x0000000101900000,0x0000000101a00000] [id=31036]
  0x000001016b2adaf0 GCTaskThread "GC Thread#2" [stack: 0x0000000101a00000,0x0000000101b00000] [id=14608]
  0x000001016b343360 GCTaskThread "GC Thread#3" [stack: 0x0000000101b00000,0x0000000101c00000] [id=7088]
  0x000001016bdf3950 GCTaskThread "GC Thread#4" [stack: 0x0000000101c00000,0x0000000101d00000] [id=30916]
  0x000001016c1144d0 GCTaskThread "GC Thread#5" [stack: 0x0000000101f00000,0x0000000102000000] [id=27836]
  0x000001016dd8df00 GCTaskThread "GC Thread#6" [stack: 0x0000000102d00000,0x0000000102e00000] [id=30112]
  0x000001016d961030 GCTaskThread "GC Thread#7" [stack: 0x0000000102e00000,0x0000000102f00000] [id=15660]
  0x0000010148a10b10 ConcurrentGCThread "G1 Main Marker" [stack: 0x0000000100800000,0x0000000100900000] [id=1132]
  0x0000010148a11440 ConcurrentGCThread "G1 Conc#0" [stack: 0x0000000100900000,0x0000000100a00000] [id=33748]
  0x0000010148a4dff0 ConcurrentGCThread "G1 Refine#0" [stack: 0x0000000100a00000,0x0000000100b00000] [id=4588]
  0x000001016bccf890 ConcurrentGCThread "G1 Refine#1" [stack: 0x0000000101d00000,0x0000000101e00000] [id=7456]
  0x0000010148a4e7d0 ConcurrentGCThread "G1 Service" [stack: 0x0000000100b00000,0x0000000100c00000] [id=32796]

Threads with active compile tasks:
C2 CompilerThread1     8844 2511   !   4       java.net.URLClassLoader::findClass (47 bytes)

VM state: not at safepoint (normal execution)

VM Mutex/Monitor currently owned by a thread: None

Heap address: 0x0000000080000000, size: 2048 MB, Compressed Oops mode: 32-bit

CDS archive(s) mapped at: [0x0000010100000000-0x0000010100bb0000-0x0000010100bb0000), size 12255232, SharedBaseAddress: 0x0000010100000000, ArchiveRelocationMode: 1.
Compressed class space mapped at: 0x0000010101000000-0x000001011b000000, reserved size: 436207616
Narrow klass base: 0x0000010100000000, Narrow klass shift: 0, Narrow klass range: 0x100000000

GC Precious Log:
 CPUs: 8 total, 8 available
 Memory: 7937M
 Large Page Support: Disabled
 NUMA Support: Disabled
 Compressed Oops: Enabled (32-bit)
 Heap Region Size: 1M
 Heap Min Capacity: 8M
 Heap Initial Capacity: 126M
 Heap Max Capacity: 2G
 Pre-touch: Disabled
 Parallel Workers: 8
 Concurrent Workers: 2
 Concurrent Refinement Workers: 8
 Periodic GC: Disabled

Heap:
 garbage-first heap   total 129024K, used 27957K [0x0000000080000000, 0x0000000100000000)
  region size 1024K, 16 young (16384K), 9 survivors (9216K)
 Metaspace       used 17768K, committed 18112K, reserved 491520K
  class space    used 2543K, committed 2688K, reserved 425984K

Heap Regions: E=young(eden), S=young(survivor), O=old, HS=humongous(starts), HC=humongous(continues), CS=collection set, F=free, OA=open archive, CA=closed archive, TAMS=top-at-mark-start (previous, next)
|   0|0x0000000080000000, 0x0000000080100000, 0x0000000080100000|100%|HS|  |TAMS 0x0000000080000000, 0x0000000080000000| Complete 
|   1|0x0000000080100000, 0x0000000080200000, 0x0000000080200000|100%|HC|  |TAMS 0x0000000080100000, 0x0000000080100000| Complete 
|   2|0x0000000080200000, 0x0000000080300000, 0x0000000080300000|100%|HC|  |TAMS 0x0000000080200000, 0x0000000080200000| Complete 
|   3|0x0000000080300000, 0x0000000080400000, 0x0000000080400000|100%| O|  |TAMS 0x0000000080300000, 0x0000000080300000| Untracked 
|   4|0x0000000080400000, 0x0000000080500000, 0x0000000080500000|100%| O|  |TAMS 0x0000000080400000, 0x0000000080400000| Untracked 
|   5|0x0000000080500000, 0x0000000080600000, 0x0000000080600000|100%| O|  |TAMS 0x0000000080500000, 0x0000000080500000| Untracked 
|   6|0x0000000080600000, 0x0000000080700000, 0x0000000080700000|100%|HS|  |TAMS 0x0000000080600000, 0x0000000080600000| Complete 
|   7|0x0000000080700000, 0x0000000080800000, 0x0000000080800000|100%| O|  |TAMS 0x0000000080700000, 0x0000000080700000| Untracked 
|   8|0x0000000080800000, 0x0000000080900000, 0x0000000080900000|100%| O|  |TAMS 0x0000000080800000, 0x0000000080800000| Untracked 
|   9|0x0000000080900000, 0x0000000080a00000, 0x0000000080a00000|100%| O|  |TAMS 0x0000000080900000, 0x0000000080900000| Untracked 
|  10|0x0000000080a00000, 0x0000000080b00000, 0x0000000080b00000|100%| O|  |TAMS 0x0000000080a00000, 0x0000000080a00000| Untracked 
|  11|0x0000000080b00000, 0x0000000080c00000, 0x0000000080c00000|100%| O|  |TAMS 0x0000000080b00000, 0x0000000080b00000| Untracked 
|  12|0x0000000080c00000, 0x0000000080c77000, 0x0000000080d00000| 46%| O|  |TAMS 0x0000000080c00000, 0x0000000080c00000| Untracked 
|  13|0x0000000080d00000, 0x0000000080d00000, 0x0000000080e00000|  0%| F|  |TAMS 0x0000000080d00000, 0x0000000080d00000| Untracked 
|  14|0x0000000080e00000, 0x0000000080e00000, 0x0000000080f00000|  0%| F|  |TAMS 0x0000000080e00000, 0x0000000080e00000| Untracked 
|  15|0x0000000080f00000, 0x0000000080f00000, 0x0000000081000000|  0%| F|  |TAMS 0x0000000080f00000, 0x0000000080f00000| Untracked 
|  16|0x0000000081000000, 0x0000000081000000, 0x0000000081100000|  0%| F|  |TAMS 0x0000000081000000, 0x0000000081000000| Untracked 
|  17|0x0000000081100000, 0x0000000081100000, 0x0000000081200000|  0%| F|  |TAMS 0x0000000081100000, 0x0000000081100000| Untracked 
|  18|0x0000000081200000, 0x0000000081200000, 0x0000000081300000|  0%| F|  |TAMS 0x0000000081200000, 0x0000000081200000| Untracked 
|  19|0x0000000081300000, 0x0000000081300000, 0x0000000081400000|  0%| F|  |TAMS 0x0000000081300000, 0x0000000081300000| Untracked 
|  20|0x0000000081400000, 0x0000000081400000, 0x0000000081500000|  0%| F|  |TAMS 0x0000000081400000, 0x0000000081400000| Untracked 
|  21|0x0000000081500000, 0x0000000081500000, 0x0000000081600000|  0%| F|  |TAMS 0x0000000081500000, 0x0000000081500000| Untracked 
|  22|0x0000000081600000, 0x0000000081600000, 0x0000000081700000|  0%| F|  |TAMS 0x0000000081600000, 0x0000000081600000| Untracked 
|  23|0x0000000081700000, 0x0000000081700000, 0x0000000081800000|  0%| F|  |TAMS 0x0000000081700000, 0x0000000081700000| Untracked 
|  24|0x0000000081800000, 0x0000000081800000, 0x0000000081900000|  0%| F|  |TAMS 0x0000000081800000, 0x0000000081800000| Untracked 
|  25|0x0000000081900000, 0x0000000081900000, 0x0000000081a00000|  0%| F|  |TAMS 0x0000000081900000, 0x0000000081900000| Untracked 
|  26|0x0000000081a00000, 0x0000000081a00000, 0x0000000081b00000|  0%| F|  |TAMS 0x0000000081a00000, 0x0000000081a00000| Untracked 
|  27|0x0000000081b00000, 0x0000000081b00000, 0x0000000081c00000|  0%| F|  |TAMS 0x0000000081b00000, 0x0000000081b00000| Untracked 
|  28|0x0000000081c00000, 0x0000000081c00000, 0x0000000081d00000|  0%| F|  |TAMS 0x0000000081c00000, 0x0000000081c00000| Untracked 
|  29|0x0000000081d00000, 0x0000000081d00000, 0x0000000081e00000|  0%| F|  |TAMS 0x0000000081d00000, 0x0000000081d00000| Untracked 
|  30|0x0000000081e00000, 0x0000000081e00000, 0x0000000081f00000|  0%| F|  |TAMS 0x0000000081e00000, 0x0000000081e00000| Untracked 
|  31|0x0000000081f00000, 0x0000000081f00000, 0x0000000082000000|  0%| F|  |TAMS 0x0000000081f00000, 0x0000000081f00000| Untracked 
|  32|0x0000000082000000, 0x0000000082000000, 0x0000000082100000|  0%| F|  |TAMS 0x0000000082000000, 0x0000000082000000| Untracked 
|  33|0x0000000082100000, 0x0000000082100000, 0x0000000082200000|  0%| F|  |TAMS 0x0000000082100000, 0x0000000082100000| Untracked 
|  34|0x0000000082200000, 0x0000000082200000, 0x0000000082300000|  0%| F|  |TAMS 0x0000000082200000, 0x0000000082200000| Untracked 
|  35|0x0000000082300000, 0x0000000082300000, 0x0000000082400000|  0%| F|  |TAMS 0x0000000082300000, 0x0000000082300000| Untracked 
|  36|0x0000000082400000, 0x0000000082400000, 0x0000000082500000|  0%| F|  |TAMS 0x0000000082400000, 0x0000000082400000| Untracked 
|  37|0x0000000082500000, 0x0000000082500000, 0x0000000082600000|  0%| F|  |TAMS 0x0000000082500000, 0x0000000082500000| Untracked 
|  38|0x0000000082600000, 0x0000000082600000, 0x0000000082700000|  0%| F|  |TAMS 0x0000000082600000, 0x0000000082600000| Untracked 
|  39|0x0000000082700000, 0x0000000082700000, 0x0000000082800000|  0%| F|  |TAMS 0x0000000082700000, 0x0000000082700000| Untracked 
|  40|0x0000000082800000, 0x0000000082800000, 0x0000000082900000|  0%| F|  |TAMS 0x0000000082800000, 0x0000000082800000| Untracked 
|  41|0x0000000082900000, 0x0000000082900000, 0x0000000082a00000|  0%| F|  |TAMS 0x0000000082900000, 0x0000000082900000| Untracked 
|  42|0x0000000082a00000, 0x0000000082ad6510, 0x0000000082b00000| 83%| S|CS|TAMS 0x0000000082a00000, 0x0000000082a00000| Complete 
|  43|0x0000000082b00000, 0x0000000082c00000, 0x0000000082c00000|100%| S|CS|TAMS 0x0000000082b00000, 0x0000000082b00000| Complete 
|  44|0x0000000082c00000, 0x0000000082d00000, 0x0000000082d00000|100%| S|CS|TAMS 0x0000000082c00000, 0x0000000082c00000| Complete 
|  45|0x0000000082d00000, 0x0000000082e00000, 0x0000000082e00000|100%| S|CS|TAMS 0x0000000082d00000, 0x0000000082d00000| Complete 
|  46|0x0000000082e00000, 0x0000000082f00000, 0x0000000082f00000|100%| S|CS|TAMS 0x0000000082e00000, 0x0000000082e00000| Complete 
|  47|0x0000000082f00000, 0x0000000083000000, 0x0000000083000000|100%| S|CS|TAMS 0x0000000082f00000, 0x0000000082f00000| Complete 
|  48|0x0000000083000000, 0x0000000083100000, 0x0000000083100000|100%| S|CS|TAMS 0x0000000083000000, 0x0000000083000000| Complete 
|  49|0x0000000083100000, 0x0000000083200000, 0x0000000083200000|100%| S|CS|TAMS 0x0000000083100000, 0x0000000083100000| Complete 
|  50|0x0000000083200000, 0x0000000083300000, 0x0000000083300000|100%| S|CS|TAMS 0x0000000083200000, 0x0000000083200000| Complete 
|  51|0x0000000083300000, 0x0000000083300000, 0x0000000083400000|  0%| F|  |TAMS 0x0000000083300000, 0x0000000083300000| Untracked 
|  52|0x0000000083400000, 0x0000000083400000, 0x0000000083500000|  0%| F|  |TAMS 0x0000000083400000, 0x0000000083400000| Untracked 
|  53|0x0000000083500000, 0x0000000083500000, 0x0000000083600000|  0%| F|  |TAMS 0x0000000083500000, 0x0000000083500000| Untracked 
|  54|0x0000000083600000, 0x0000000083600000, 0x0000000083700000|  0%| F|  |TAMS 0x0000000083600000, 0x0000000083600000| Untracked 
|  55|0x0000000083700000, 0x0000000083700000, 0x0000000083800000|  0%| F|  |TAMS 0x0000000083700000, 0x0000000083700000| Untracked 
|  56|0x0000000083800000, 0x0000000083800000, 0x0000000083900000|  0%| F|  |TAMS 0x0000000083800000, 0x0000000083800000| Untracked 
|  57|0x0000000083900000, 0x0000000083900000, 0x0000000083a00000|  0%| F|  |TAMS 0x0000000083900000, 0x0000000083900000| Untracked 
|  58|0x0000000083a00000, 0x0000000083a00000, 0x0000000083b00000|  0%| F|  |TAMS 0x0000000083a00000, 0x0000000083a00000| Untracked 
|  59|0x0000000083b00000, 0x0000000083b00000, 0x0000000083c00000|  0%| F|  |TAMS 0x0000000083b00000, 0x0000000083b00000| Untracked 
|  60|0x0000000083c00000, 0x0000000083c00000, 0x0000000083d00000|  0%| F|  |TAMS 0x0000000083c00000, 0x0000000083c00000| Untracked 
|  61|0x0000000083d00000, 0x0000000083d00000, 0x0000000083e00000|  0%| F|  |TAMS 0x0000000083d00000, 0x0000000083d00000| Untracked 
|  62|0x0000000083e00000, 0x0000000083e00000, 0x0000000083f00000|  0%| F|  |TAMS 0x0000000083e00000, 0x0000000083e00000| Untracked 
|  63|0x0000000083f00000, 0x0000000083f00000, 0x0000000084000000|  0%| F|  |TAMS 0x0000000083f00000, 0x0000000083f00000| Untracked 
|  64|0x0000000084000000, 0x0000000084000000, 0x0000000084100000|  0%| F|  |TAMS 0x0000000084000000, 0x0000000084000000| Untracked 
|  65|0x0000000084100000, 0x0000000084100000, 0x0000000084200000|  0%| F|  |TAMS 0x0000000084100000, 0x0000000084100000| Untracked 
|  66|0x0000000084200000, 0x0000000084200000, 0x0000000084300000|  0%| F|  |TAMS 0x0000000084200000, 0x0000000084200000| Untracked 
|  67|0x0000000084300000, 0x0000000084300000, 0x0000000084400000|  0%| F|  |TAMS 0x0000000084300000, 0x0000000084300000| Untracked 
|  68|0x0000000084400000, 0x0000000084400000, 0x0000000084500000|  0%| F|  |TAMS 0x0000000084400000, 0x0000000084400000| Untracked 
|  69|0x0000000084500000, 0x0000000084500000, 0x0000000084600000|  0%| F|  |TAMS 0x0000000084500000, 0x0000000084500000| Untracked 
|  70|0x0000000084600000, 0x0000000084600000, 0x0000000084700000|  0%| F|  |TAMS 0x0000000084600000, 0x0000000084600000| Untracked 
|  71|0x0000000084700000, 0x0000000084700000, 0x0000000084800000|  0%| F|  |TAMS 0x0000000084700000, 0x0000000084700000| Untracked 
|  72|0x0000000084800000, 0x0000000084800000, 0x0000000084900000|  0%| F|  |TAMS 0x0000000084800000, 0x0000000084800000| Untracked 
|  73|0x0000000084900000, 0x0000000084900000, 0x0000000084a00000|  0%| F|  |TAMS 0x0000000084900000, 0x0000000084900000| Untracked 
|  74|0x0000000084a00000, 0x0000000084a00000, 0x0000000084b00000|  0%| F|  |TAMS 0x0000000084a00000, 0x0000000084a00000| Untracked 
|  75|0x0000000084b00000, 0x0000000084b00000, 0x0000000084c00000|  0%| F|  |TAMS 0x0000000084b00000, 0x0000000084b00000| Untracked 
|  76|0x0000000084c00000, 0x0000000084c00000, 0x0000000084d00000|  0%| F|  |TAMS 0x0000000084c00000, 0x0000000084c00000| Untracked 
|  77|0x0000000084d00000, 0x0000000084d00000, 0x0000000084e00000|  0%| F|  |TAMS 0x0000000084d00000, 0x0000000084d00000| Untracked 
|  78|0x0000000084e00000, 0x0000000084e00000, 0x0000000084f00000|  0%| F|  |TAMS 0x0000000084e00000, 0x0000000084e00000| Untracked 
|  79|0x0000000084f00000, 0x0000000084f00000, 0x0000000085000000|  0%| F|  |TAMS 0x0000000084f00000, 0x0000000084f00000| Untracked 
|  80|0x0000000085000000, 0x0000000085000000, 0x0000000085100000|  0%| F|  |TAMS 0x0000000085000000, 0x0000000085000000| Untracked 
|  81|0x0000000085100000, 0x0000000085100000, 0x0000000085200000|  0%| F|  |TAMS 0x0000000085100000, 0x0000000085100000| Untracked 
|  82|0x0000000085200000, 0x0000000085200000, 0x0000000085300000|  0%| F|  |TAMS 0x0000000085200000, 0x0000000085200000| Untracked 
|  83|0x0000000085300000, 0x0000000085300000, 0x0000000085400000|  0%| F|  |TAMS 0x0000000085300000, 0x0000000085300000| Untracked 
|  84|0x0000000085400000, 0x0000000085400000, 0x0000000085500000|  0%| F|  |TAMS 0x0000000085400000, 0x0000000085400000| Untracked 
|  85|0x0000000085500000, 0x0000000085500000, 0x0000000085600000|  0%| F|  |TAMS 0x0000000085500000, 0x0000000085500000| Untracked 
|  86|0x0000000085600000, 0x0000000085600000, 0x0000000085700000|  0%| F|  |TAMS 0x0000000085600000, 0x0000000085600000| Untracked 
|  87|0x0000000085700000, 0x0000000085700000, 0x0000000085800000|  0%| F|  |TAMS 0x0000000085700000, 0x0000000085700000| Untracked 
|  88|0x0000000085800000, 0x0000000085800000, 0x0000000085900000|  0%| F|  |TAMS 0x0000000085800000, 0x0000000085800000| Untracked 
|  89|0x0000000085900000, 0x0000000085900000, 0x0000000085a00000|  0%| F|  |TAMS 0x0000000085900000, 0x0000000085900000| Untracked 
|  90|0x0000000085a00000, 0x0000000085a00000, 0x0000000085b00000|  0%| F|  |TAMS 0x0000000085a00000, 0x0000000085a00000| Untracked 
|  91|0x0000000085b00000, 0x0000000085b00000, 0x0000000085c00000|  0%| F|  |TAMS 0x0000000085b00000, 0x0000000085b00000| Untracked 
|  92|0x0000000085c00000, 0x0000000085c00000, 0x0000000085d00000|  0%| F|  |TAMS 0x0000000085c00000, 0x0000000085c00000| Untracked 
|  93|0x0000000085d00000, 0x0000000085d00000, 0x0000000085e00000|  0%| F|  |TAMS 0x0000000085d00000, 0x0000000085d00000| Untracked 
|  94|0x0000000085e00000, 0x0000000085e00000, 0x0000000085f00000|  0%| F|  |TAMS 0x0000000085e00000, 0x0000000085e00000| Untracked 
|  95|0x0000000085f00000, 0x0000000085f00000, 0x0000000086000000|  0%| F|  |TAMS 0x0000000085f00000, 0x0000000085f00000| Untracked 
|  96|0x0000000086000000, 0x0000000086000000, 0x0000000086100000|  0%| F|  |TAMS 0x0000000086000000, 0x0000000086000000| Untracked 
|  97|0x0000000086100000, 0x0000000086100000, 0x0000000086200000|  0%| F|  |TAMS 0x0000000086100000, 0x0000000086100000| Untracked 
|  98|0x0000000086200000, 0x0000000086200000, 0x0000000086300000|  0%| F|  |TAMS 0x0000000086200000, 0x0000000086200000| Untracked 
|  99|0x0000000086300000, 0x0000000086300000, 0x0000000086400000|  0%| F|  |TAMS 0x0000000086300000, 0x0000000086300000| Untracked 
| 100|0x0000000086400000, 0x0000000086400000, 0x0000000086500000|  0%| F|  |TAMS 0x0000000086400000, 0x0000000086400000| Untracked 
| 101|0x0000000086500000, 0x0000000086500000, 0x0000000086600000|  0%| F|  |TAMS 0x0000000086500000, 0x0000000086500000| Untracked 
| 102|0x0000000086600000, 0x0000000086600000, 0x0000000086700000|  0%| F|  |TAMS 0x0000000086600000, 0x0000000086600000| Untracked 
| 103|0x0000000086700000, 0x0000000086700000, 0x0000000086800000|  0%| F|  |TAMS 0x0000000086700000, 0x0000000086700000| Untracked 
| 104|0x0000000086800000, 0x0000000086800000, 0x0000000086900000|  0%| F|  |TAMS 0x0000000086800000, 0x0000000086800000| Untracked 
| 105|0x0000000086900000, 0x0000000086900000, 0x0000000086a00000|  0%| F|  |TAMS 0x0000000086900000, 0x0000000086900000| Untracked 
| 106|0x0000000086a00000, 0x0000000086a00000, 0x0000000086b00000|  0%| F|  |TAMS 0x0000000086a00000, 0x0000000086a00000| Untracked 
| 107|0x0000000086b00000, 0x0000000086b00000, 0x0000000086c00000|  0%| F|  |TAMS 0x0000000086b00000, 0x0000000086b00000| Untracked 
| 108|0x0000000086c00000, 0x0000000086c00000, 0x0000000086d00000|  0%| F|  |TAMS 0x0000000086c00000, 0x0000000086c00000| Untracked 
| 109|0x0000000086d00000, 0x0000000086d00000, 0x0000000086e00000|  0%| F|  |TAMS 0x0000000086d00000, 0x0000000086d00000| Untracked 
| 110|0x0000000086e00000, 0x0000000086e00000, 0x0000000086f00000|  0%| F|  |TAMS 0x0000000086e00000, 0x0000000086e00000| Untracked 
| 111|0x0000000086f00000, 0x0000000086f00000, 0x0000000087000000|  0%| F|  |TAMS 0x0000000086f00000, 0x0000000086f00000| Untracked 
| 112|0x0000000087000000, 0x0000000087000000, 0x0000000087100000|  0%| F|  |TAMS 0x0000000087000000, 0x0000000087000000| Untracked 
| 113|0x0000000087100000, 0x0000000087100000, 0x0000000087200000|  0%| F|  |TAMS 0x0000000087100000, 0x0000000087100000| Untracked 
| 114|0x0000000087200000, 0x0000000087200000, 0x0000000087300000|  0%| F|  |TAMS 0x0000000087200000, 0x0000000087200000| Untracked 
| 115|0x0000000087300000, 0x0000000087300000, 0x0000000087400000|  0%| F|  |TAMS 0x0000000087300000, 0x0000000087300000| Untracked 
| 116|0x0000000087400000, 0x0000000087400000, 0x0000000087500000|  0%| F|  |TAMS 0x0000000087400000, 0x0000000087400000| Untracked 
| 117|0x0000000087500000, 0x0000000087500000, 0x0000000087600000|  0%| F|  |TAMS 0x0000000087500000, 0x0000000087500000| Untracked 
| 118|0x0000000087600000, 0x0000000087600000, 0x0000000087700000|  0%| F|  |TAMS 0x0000000087600000, 0x0000000087600000| Untracked 
| 119|0x0000000087700000, 0x0000000087800000, 0x0000000087800000|100%| E|  |TAMS 0x0000000087700000, 0x0000000087700000| Complete 
| 120|0x0000000087800000, 0x0000000087900000, 0x0000000087900000|100%| E|CS|TAMS 0x0000000087800000, 0x0000000087800000| Complete 
| 121|0x0000000087900000, 0x0000000087a00000, 0x0000000087a00000|100%| E|CS|TAMS 0x0000000087900000, 0x0000000087900000| Complete 
| 122|0x0000000087a00000, 0x0000000087b00000, 0x0000000087b00000|100%| E|CS|TAMS 0x0000000087a00000, 0x0000000087a00000| Complete 
| 123|0x0000000087b00000, 0x0000000087c00000, 0x0000000087c00000|100%| E|CS|TAMS 0x0000000087b00000, 0x0000000087b00000| Complete 
| 124|0x0000000087c00000, 0x0000000087d00000, 0x0000000087d00000|100%| E|CS|TAMS 0x0000000087c00000, 0x0000000087c00000| Complete 
| 125|0x0000000087d00000, 0x0000000087e00000, 0x0000000087e00000|100%| E|CS|TAMS 0x0000000087d00000, 0x0000000087d00000| Complete 

Card table byte_map: [0x000001015fc10000,0x0000010160010000] _byte_map_base: 0x000001015f810000

Marking Bits (Prev, Next): (CMBitMap*) 0x00000101489ff750, (CMBitMap*) 0x00000101489ff790
 Prev Bits: [0x0000010160410000, 0x0000010162410000)
 Next Bits: [0x0000010162410000, 0x0000010164410000)

Polling page: 0x00000101467f0000

Metaspace:

Usage:
  Non-class:     14.92 MB used.
      Class:      2.50 MB used.
       Both:     17.41 MB used.

Virtual space:
  Non-class space:       64.00 MB reserved,      15.12 MB ( 24%) committed,  1 nodes.
      Class space:      416.00 MB reserved,       2.69 MB ( <1%) committed,  1 nodes.
             Both:      480.00 MB reserved,      17.81 MB (  4%) committed. 

Chunk freelists:
   Non-Class:  624.00 KB
       Class:  13.36 MB
        Both:  13.97 MB

MaxMetaspaceSize: 512.00 MB
CompressedClassSpaceSize: 416.00 MB
Initial GC threshold: 21.00 MB
Current GC threshold: 21.00 MB
CDS: on
MetaspaceReclaimPolicy: balanced
 - commit_granule_bytes: 65536.
 - commit_granule_words: 8192.
 - virtual_space_node_default_size: 8388608.
 - enlarge_chunks_in_place: 1.
 - new_chunks_are_fully_committed: 0.
 - uncommit_free_chunks: 1.
 - use_allocation_guard: 0.
 - handle_deallocations: 1.


Internal statistics:

num_allocs_failed_limit: 0.
num_arena_births: 202.
num_arena_deaths: 0.
num_vsnodes_births: 2.
num_vsnodes_deaths: 0.
num_space_committed: 285.
num_space_uncommitted: 0.
num_chunks_returned_to_freelist: 0.
num_chunks_taken_from_freelist: 819.
num_chunk_merges: 0.
num_chunk_splits: 531.
num_chunks_enlarged: 385.
num_inconsistent_stats: 0.

CodeHeap 'non-profiled nmethods': size=120000Kb used=1397Kb max_used=1397Kb free=118603Kb
 bounds [0x0000010157fb0000, 0x0000010158220000, 0x000001015f4e0000]
CodeHeap 'profiled nmethods': size=120000Kb used=5161Kb max_used=5161Kb free=114838Kb
 bounds [0x00000101504e0000, 0x00000101509f0000, 0x0000010157a10000]
CodeHeap 'non-nmethods': size=5760Kb used=1239Kb max_used=1299Kb free=4520Kb
 bounds [0x0000010157a10000, 0x0000010157c80000, 0x0000010157fb0000]
 total_blobs=3112 nmethods=2571 adapters=453
 compilation: enabled
              stopped_count=0, restarted_count=0
 full_count=0

Compilation events (20 events):
Event: 7.237 Thread 0x0000010166e5f120 nmethod 2542 0x00000101509db990 code [0x00000101509dbb40, 0x00000101509dbeb8]
Event: 7.251 Thread 0x0000010166e5f120 2543       3       jdk.internal.misc.Unsafe::putReferenceOpaque (9 bytes)
Event: 7.251 Thread 0x0000010166e5f120 nmethod 2543 0x00000101509dc010 code [0x00000101509dc1a0, 0x00000101509dc2f8]
Event: 7.313 Thread 0x0000010166e5f120 2544       3       java.util.concurrent.locks.LockSupport::setBlocker (12 bytes)
Event: 7.313 Thread 0x0000010166e5f120 nmethod 2544 0x00000101509dc390 code [0x00000101509dc540, 0x00000101509dc748]
Event: 7.482 Thread 0x0000010166e5f120 2546       1       org.gradle.launcher.daemon.server.exec.DaemonConnectionBackedEventConsumer::access$000 (5 bytes)
Event: 7.482 Thread 0x0000010166e5f120 nmethod 2546 0x00000101580f6c10 code [0x00000101580f6da0, 0x00000101580f6e58]
Event: 7.776 Thread 0x0000010166e5f120 2548       3       org.gradle.util.internal.CollectionUtils::collect (44 bytes)
Event: 7.776 Thread 0x0000010166e5f120 nmethod 2548 0x00000101509dc810 code [0x00000101509dca00, 0x00000101509dcf88]
Event: 7.779 Thread 0x0000010166e5f120 2549       1       sun.reflect.generics.repository.AbstractRepository::getFactory (5 bytes)
Event: 7.779 Thread 0x0000010166e5f120 nmethod 2549 0x00000101580f7310 code [0x00000101580f74a0, 0x00000101580f7578]
Event: 7.779 Thread 0x0000010166e5f120 2550       3       org.gradle.internal.service.DefaultServiceRegistry$OwnServices::add (82 bytes)
Event: 7.779 Thread 0x0000010166e5f120 nmethod 2550 0x00000101509dd190 code [0x00000101509dd3e0, 0x00000101509dde08]
Event: 7.780 Thread 0x0000010166e5f120 2551       3       org.gradle.internal.service.DefaultServiceRegistry::access$1300 (5 bytes)
Event: 7.780 Thread 0x0000010166e5f120 nmethod 2551 0x00000101509de210 code [0x00000101509de3a0, 0x00000101509de4c8]
Event: 7.780 Thread 0x0000010166e5f120 2552   !   3       jdk.proxy1.$Proxy4::annotationType (29 bytes)
Event: 7.780 Thread 0x0000010166e5f120 nmethod 2552 0x00000101509de590 code [0x00000101509de760, 0x00000101509deb58]
Event: 8.232 Thread 0x0000010166e5f120 2553       3       java.util.stream.StreamOpFlag::fromCharacteristics (37 bytes)
Event: 8.792 Thread 0x0000010166e5f120 nmethod 2553 0x00000101509ded10 code [0x00000101509deec0, 0x00000101509df1f8]
Event: 8.792 Thread 0x0000010166e5f120 2554       3       java.util.stream.AbstractPipeline::<init> (55 bytes)

GC Heap History (8 events):
Event: 1.454 GC heap before
{Heap before GC invocations=0 (full 0):
 garbage-first heap   total 129024K, used 23552K [0x0000000080000000, 0x0000000100000000)
  region size 1024K, 23 young (23552K), 0 survivors (0K)
 Metaspace       used 907K, committed 1088K, reserved 491520K
  class space    used 65K, committed 128K, reserved 425984K
}
Event: 1.458 GC heap after
{Heap after GC invocations=1 (full 0):
 garbage-first heap   total 129024K, used 1535K [0x0000000080000000, 0x0000000100000000)
  region size 1024K, 2 young (2048K), 2 survivors (2048K)
 Metaspace       used 907K, committed 1088K, reserved 491520K
  class space    used 65K, committed 128K, reserved 425984K
}
Event: 2.551 GC heap before
{Heap before GC invocations=1 (full 0):
 garbage-first heap   total 129024K, used 40447K [0x0000000080000000, 0x0000000100000000)
  region size 1024K, 38 young (38912K), 2 survivors (2048K)
 Metaspace       used 4402K, committed 4608K, reserved 491520K
  class space    used 547K, committed 640K, reserved 425984K
}
Event: 2.557 GC heap after
{Heap after GC invocations=2 (full 0):
 garbage-first heap   total 129024K, used 11216K [0x0000000080000000, 0x0000000100000000)
  region size 1024K, 5 young (5120K), 5 survivors (5120K)
 Metaspace       used 4402K, committed 4608K, reserved 491520K
  class space    used 547K, committed 640K, reserved 425984K
}
Event: 3.928 GC heap before
{Heap before GC invocations=2 (full 0):
 garbage-first heap   total 129024K, used 67536K [0x0000000080000000, 0x0000000100000000)
  region size 1024K, 58 young (59392K), 5 survivors (5120K)
 Metaspace       used 5152K, committed 5312K, reserved 491520K
  class space    used 679K, committed 768K, reserved 425984K
}
Event: 3.937 GC heap after
{Heap after GC invocations=3 (full 0):
 garbage-first heap   total 129024K, used 16859K [0x0000000080000000, 0x0000000100000000)
  region size 1024K, 8 young (8192K), 8 survivors (8192K)
 Metaspace       used 5152K, committed 5312K, reserved 491520K
  class space    used 679K, committed 768K, reserved 425984K
}
Event: 6.687 GC heap before
{Heap before GC invocations=3 (full 0):
 garbage-first heap   total 129024K, used 85467K [0x0000000080000000, 0x0000000100000000)
  region size 1024K, 75 young (76800K), 8 survivors (8192K)
 Metaspace       used 17169K, committed 17472K, reserved 491520K
  class space    used 2430K, committed 2624K, reserved 425984K
}
Event: 6.694 GC heap after
{Heap after GC invocations=4 (full 0):
 garbage-first heap   total 129024K, used 21813K [0x0000000080000000, 0x0000000100000000)
  region size 1024K, 9 young (9216K), 9 survivors (9216K)
 Metaspace       used 17169K, committed 17472K, reserved 491520K
  class space    used 2430K, committed 2624K, reserved 425984K
}

Dll operation events (15 events):
Event: 0.062 Loaded shared library C:\Program Files\Microsoft\jdk-17.0.15.6-hotspot\bin\java.dll
Event: 0.136 Loaded shared library C:\Program Files\Microsoft\jdk-17.0.15.6-hotspot\bin\jsvml.dll
Event: 0.275 Loaded shared library C:\Program Files\Microsoft\jdk-17.0.15.6-hotspot\bin\zip.dll
Event: 0.280 Loaded shared library C:\Program Files\Microsoft\jdk-17.0.15.6-hotspot\bin\instrument.dll
Event: 0.291 Loaded shared library C:\Program Files\Microsoft\jdk-17.0.15.6-hotspot\bin\net.dll
Event: 0.303 Loaded shared library C:\Program Files\Microsoft\jdk-17.0.15.6-hotspot\bin\nio.dll
Event: 0.307 Loaded shared library C:\Program Files\Microsoft\jdk-17.0.15.6-hotspot\bin\zip.dll
Event: 1.319 Loaded shared library C:\Program Files\Microsoft\jdk-17.0.15.6-hotspot\bin\jimage.dll
Event: 1.793 Loaded shared library C:\Program Files\Microsoft\jdk-17.0.15.6-hotspot\bin\verify.dll
Event: 1.906 Loaded shared library C:\Users\ANAND KUMAR E\.gradle\native\1def1411415f61bf3af743bc5b6707747c0891f09f0c88961ee8f79bc544acac\windows-amd64\native-platform.dll
Event: 1.931 Loaded shared library C:\Users\ANAND KUMAR E\.gradle\native\0.2.7\x86_64-windows-gnu\gradle-fileevents.dll
Event: 4.113 Loaded shared library C:\Program Files\Microsoft\jdk-17.0.15.6-hotspot\bin\management.dll
Event: 4.128 Loaded shared library C:\Program Files\Microsoft\jdk-17.0.15.6-hotspot\bin\management_ext.dll
Event: 4.783 Loaded shared library C:\Program Files\Microsoft\jdk-17.0.15.6-hotspot\bin\extnet.dll
Event: 5.368 Loaded shared library C:\Program Files\Microsoft\jdk-17.0.15.6-hotspot\bin\sunmscapi.dll

Deoptimization events (20 events):
Event: 6.074 Thread 0x000001016b0e3850 DEOPT PACKING pc=0x0000010158080d38 sp=0x00000001025fb8e0
Event: 6.074 Thread 0x000001016b0e3850 DEOPT UNPACKING pc=0x0000010157a6a1a3 sp=0x00000001025fb878 mode 2
Event: 6.348 Thread 0x000001016b0e3850 DEOPT PACKING pc=0x00000101505d6e37 sp=0x00000001025fa530
Event: 6.348 Thread 0x000001016b0e3850 DEOPT UNPACKING pc=0x0000010157a6ace3 sp=0x00000001025f99c8 mode 0
Event: 6.419 Thread 0x000001016b0e3850 Uncommon trap: trap_request=0xffffff45 fr.pc=0x0000010157fd2914 relative=0x0000000000000b94
Event: 6.419 Thread 0x000001016b0e3850 Uncommon trap: reason=unstable_if action=reinterpret pc=0x0000010157fd2914 method=java.io.WinNTFileSystem.resolve(Ljava/lang/String;Ljava/lang/String;)Ljava/lang/String; @ 19 c2
Event: 6.419 Thread 0x000001016b0e3850 DEOPT PACKING pc=0x0000010157fd2914 sp=0x00000001025fadf0
Event: 6.419 Thread 0x000001016b0e3850 DEOPT UNPACKING pc=0x0000010157a6a1a3 sp=0x00000001025fad98 mode 2
Event: 6.420 Thread 0x000001016b0e3850 Uncommon trap: trap_request=0xffffff45 fr.pc=0x0000010157fdf77c relative=0x000000000000063c
Event: 6.420 Thread 0x000001016b0e3850 Uncommon trap: reason=unstable_if action=reinterpret pc=0x0000010157fdf77c method=java.io.File.getName()Ljava/lang/String; @ 16 c2
Event: 6.420 Thread 0x000001016b0e3850 DEOPT PACKING pc=0x0000010157fdf77c sp=0x00000001025fada0
Event: 6.420 Thread 0x000001016b0e3850 DEOPT UNPACKING pc=0x0000010157a6a1a3 sp=0x00000001025fad70 mode 2
Event: 6.465 Thread 0x000001016b0e3850 Uncommon trap: trap_request=0xffffff45 fr.pc=0x0000010157fe5a78 relative=0x00000000000000d8
Event: 6.465 Thread 0x000001016b0e3850 Uncommon trap: reason=unstable_if action=reinterpret pc=0x0000010157fe5a78 method=java.util.HashMap.hash(Ljava/lang/Object;)I @ 1 c2
Event: 6.465 Thread 0x000001016b0e3850 DEOPT PACKING pc=0x0000010157fe5a78 sp=0x00000001025fbdc0
Event: 6.465 Thread 0x000001016b0e3850 DEOPT UNPACKING pc=0x0000010157a6a1a3 sp=0x00000001025fbd00 mode 2
Event: 6.500 Thread 0x000001016b0e3850 Uncommon trap: trap_request=0xffffff45 fr.pc=0x00000101580676a0 relative=0x0000000000000780
Event: 6.500 Thread 0x000001016b0e3850 Uncommon trap: reason=unstable_if action=reinterpret pc=0x00000101580676a0 method=java.util.ArrayList.grow(I)[Ljava/lang/Object; @ 17 c2
Event: 6.500 Thread 0x000001016b0e3850 DEOPT PACKING pc=0x00000101580676a0 sp=0x00000001025fcd50
Event: 6.500 Thread 0x000001016b0e3850 DEOPT UNPACKING pc=0x0000010157a6a1a3 sp=0x00000001025fcbe8 mode 2

Classes loaded (20 events):
Event: 6.606 Loading class java/io/ObjectStreamClass$3
Event: 6.606 Loading class java/io/ObjectStreamClass$3 done
Event: 6.606 Loading class java/io/ObjectStreamClass$4
Event: 6.606 Loading class java/io/ObjectStreamClass$4 done
Event: 6.606 Loading class java/io/ObjectStreamClass$5
Event: 6.606 Loading class java/io/ObjectStreamClass$5 done
Event: 6.607 Loading class java/io/ObjectStreamClass$ClassDataSlot
Event: 6.607 Loading class java/io/ObjectStreamClass$ClassDataSlot done
Event: 6.608 Loading class jdk/internal/reflect/UnsafeQualifiedStaticLongFieldAccessorImpl
Event: 6.609 Loading class jdk/internal/reflect/UnsafeQualifiedStaticLongFieldAccessorImpl done
Event: 6.609 Loading class java/io/UnsupportedEncodingException
Event: 6.609 Loading class java/io/UnsupportedEncodingException done
Event: 6.609 Loading class java/nio/charset/CharacterCodingException
Event: 6.609 Loading class java/nio/charset/CharacterCodingException done
Event: 6.673 Loading class java/util/function/LongFunction
Event: 6.674 Loading class java/util/function/LongFunction done
Event: 7.753 Loading class java/security/InvalidKeyException
Event: 7.753 Loading class java/security/KeyException
Event: 7.754 Loading class java/security/KeyException done
Event: 7.754 Loading class java/security/InvalidKeyException done

Classes unloaded (0 events):
No events

Classes redefined (0 events):
No events

Internal exceptions (20 events):
Event: 5.692 Thread 0x000001016b0e3850 Exception <a 'java/lang/NoSuchMethodError'{0x0000000085d61a18}: 'int java.lang.invoke.DirectMethodHandle$Holder.invokeVirtual(java.lang.Object, java.lang.Object, java.lang.Object)'> (0x0000000085d61a18) 
thrown [s\src\hotspot\share\interpreter\linkResolver.cpp, line 759]
Event: 5.772 Thread 0x000001016b0e3850 Exception <a 'java/lang/NoSuchMethodError'{0x0000000085a0dd70}: 'java.lang.Object java.lang.invoke.DirectMethodHandle$Holder.newInvokeSpecial(java.lang.Object, java.lang.Object, java.lang.Object, java.lang.Object, java.lang.Object, java.lang.Object)'> (0x0000000085a0dd70) 
thrown [s\src\hotspot\share\interpreter\linkResolver.cpp, line 759]
Event: 5.882 Thread 0x000001016b0e3850 Exception <a 'java/lang/NoSuchMethodError'{0x000000008571c778}: 'void java.lang.invoke.DelegatingMethodHandle$Holder.reinvoke_L(java.lang.Object, java.lang.Object, java.lang.Object, java.lang.Object, java.lang.Object, java.lang.Object, java.lang.Object, java.lang.Object, java.lang.Object, java.lang.Object)'> (0x000000008571c778) 
thrown [s\src\hotspot\share\interpreter\linkResolver.cpp, line 759]
Event: 5.883 Thread 0x000001016b0e3850 Exception <a 'java/lang/NoSuchMethodError'{0x0000000085724be8}: 'java.lang.Object java.lang.invoke.DirectMethodHandle$Holder.invokeSpecial(java.lang.Object, java.lang.Object, java.lang.Object, java.lang.Object, java.lang.Object, java.lang.Object, java.lang.Object, java.lang.Object, java.lang.Object, java.lang.Object)'> (0x0000000085724be8) 
thrown [s\src\hotspot\share\interpreter\linkResolver.cpp, line 759]
Event: 5.883 Thread 0x000001016b0e3850 Exception <a 'java/lang/NoSuchMethodError'{0x00000000857294b8}: 'java.lang.Object java.lang.invoke.Invokers$Holder.invoker(java.lang.Object, java.lang.Object, java.lang.Object, java.lang.Object, java.lang.Object, java.lang.Object, java.lang.Object, java.lang.Object, java.lang.Object, java.lang.Object)'> (0x00000000857294b8) 
thrown [s\src\hotspot\share\interpreter\linkResolver.cpp, line 759]
Event: 5.883 Thread 0x000001016b0e3850 Exception <a 'java/lang/NoSuchMethodError'{0x000000008572f0c0}: 'java.lang.Object java.lang.invoke.DirectMethodHandle$Holder.invokeSpecial(java.lang.Object, java.lang.Object, java.lang.Object, java.lang.Object, java.lang.Object, java.lang.Object, java.lang.Object, java.lang.Object, java.lang.Object, java.lang.Object, java.lang.Object)'> (0x000000008572f0c0) 
thrown [s\src\hotspot\share\interpreter\linkResolver.cpp, line 759]
Event: 6.129 Thread 0x000001016b0e3850 Exception <a 'java/lang/NoSuchMethodError'{0x0000000084f74a40}: 'java.lang.Object java.lang.invoke.DirectMethodHandle$Holder.newInvokeSpecial(java.lang.Object, java.lang.Object, int)'> (0x0000000084f74a40) 
thrown [s\src\hotspot\share\interpreter\linkResolver.cpp, line 759]
Event: 6.430 Thread 0x000001016b0e3850 Exception <a 'java/lang/NoSuchMethodError'{0x0000000084ad9410}: 'void java.lang.invoke.DirectMethodHandle$Holder.invokeStatic(java.lang.Object, java.lang.Object, java.lang.Object, java.lang.Object)'> (0x0000000084ad9410) 
thrown [s\src\hotspot\share\interpreter\linkResolver.cpp, line 759]
Event: 6.430 Thread 0x000001016b0e3850 Exception <a 'java/lang/NoSuchMethodError'{0x0000000084add8b0}: 'void java.lang.invoke.DirectMethodHandle$Holder.invokeStaticInit(java.lang.Object, java.lang.Object, java.lang.Object, java.lang.Object)'> (0x0000000084add8b0) 
thrown [s\src\hotspot\share\interpreter\linkResolver.cpp, line 759]
Event: 6.437 Thread 0x000001016b0e3850 Exception <a 'java/lang/NoSuchMethodError'{0x000000008493d850}: 'java.lang.Object java.lang.invoke.DirectMethodHandle$Holder.invokeInterface(java.lang.Object, java.lang.Object, java.lang.Object)'> (0x000000008493d850) 
thrown [s\src\hotspot\share\interpreter\linkResolver.cpp, line 759]
Event: 6.451 Thread 0x000001016b0e3850 Exception <a 'java/lang/NoSuchMethodError'{0x0000000084826db0}: 'int java.lang.invoke.DirectMethodHandle$Holder.invokeSpecialIFC(java.lang.Object, java.lang.Object, java.lang.Object, java.lang.Object)'> (0x0000000084826db0) 
thrown [s\src\hotspot\share\interpreter\linkResolver.cpp, line 759]
Event: 6.452 Thread 0x000001016b0e3850 Exception <a 'java/lang/IncompatibleClassChangeError'{0x0000000084835e08}: Found class java.lang.Object, but interface was expected> (0x0000000084835e08) 
thrown [s\src\hotspot\share\interpreter\linkResolver.cpp, line 826]
Event: 6.465 Thread 0x000001016b0e3850 Implicit null exception at 0x0000010157fe59d8 to 0x0000010157fe5a6e
Event: 6.479 Thread 0x000001016b0e3850 Exception <a 'java/lang/NoSuchMethodError'{0x00000000846429f8}: 'int java.lang.invoke.DirectMethodHandle$Holder.invokeStatic(java.lang.Object, java.lang.Object, java.lang.Object, java.lang.Object)'> (0x00000000846429f8) 
thrown [s\src\hotspot\share\interpreter\linkResolver.cpp, line 759]
Event: 6.479 Thread 0x000001016b0e3850 Exception <a 'java/lang/NoSuchMethodError'{0x00000000846468c8}: 'java.lang.Object java.lang.invoke.Invokers$Holder.invokeExact_MT(java.lang.Object, java.lang.Object, java.lang.Object, java.lang.Object, java.lang.Object, java.lang.Object)'> (0x00000000846468c8) 
thrown [s\src\hotspot\share\interpreter\linkResolver.cpp, line 759]
Event: 6.542 Thread 0x000001016b0e3850 Exception <a 'java/lang/IncompatibleClassChangeError'{0x0000000083a46ac8}: Found class java.lang.Object, but interface was expected> (0x0000000083a46ac8) 
thrown [s\src\hotspot\share\interpreter\linkResolver.cpp, line 826]
Event: 6.606 Thread 0x000001016b0e2920 Exception <a 'java/lang/NoSuchMethodError'{0x00000000867ba190}: static Lorg/gradle/internal/build/event/types/DefaultOperationStartedProgressEvent;.<clinit>()V> (0x00000000867ba190) 
thrown [s\src\hotspot\share\prims\jni.cpp, line 1112]
Event: 6.607 Thread 0x000001016b0e2920 Exception <a 'java/lang/NoSuchMethodError'{0x00000000867bc218}: static Lorg/gradle/internal/build/event/types/AbstractProgressEvent;.<clinit>()V> (0x00000000867bc218) 
thrown [s\src\hotspot\share\prims\jni.cpp, line 1112]
Event: 6.608 Thread 0x000001016b0e2920 Exception <a 'java/lang/NoSuchMethodError'{0x00000000867c5268}: static Lorg/gradle/internal/build/event/types/DefaultOperationDescriptor;.<clinit>()V> (0x00000000867c5268) 
thrown [s\src\hotspot\share\prims\jni.cpp, line 1112]
Event: 6.611 Thread 0x000001016b0e2920 Exception <a 'java/lang/NoSuchMethodError'{0x00000000867dbe60}: static Lorg/gradle/internal/operations/OperationIdentifier;.<clinit>()V> (0x00000000867dbe60) 
thrown [s\src\hotspot\share\prims\jni.cpp, line 1112]

VM Operations (20 events):
Event: 4.770 Executing VM operation: HandshakeAllThreads
Event: 4.770 Executing VM operation: HandshakeAllThreads done
Event: 4.843 Executing VM operation: HandshakeAllThreads
Event: 4.843 Executing VM operation: HandshakeAllThreads done
Event: 5.035 Executing VM operation: HandshakeAllThreads
Event: 5.035 Executing VM operation: HandshakeAllThreads done
Event: 5.035 Executing VM operation: Cleanup
Event: 5.036 Executing VM operation: Cleanup done
Event: 5.142 Executing VM operation: HandshakeAllThreads
Event: 5.142 Executing VM operation: HandshakeAllThreads done
Event: 5.348 Executing VM operation: HandshakeAllThreads
Event: 5.348 Executing VM operation: HandshakeAllThreads done
Event: 6.351 Executing VM operation: Cleanup
Event: 6.351 Executing VM operation: Cleanup done
Event: 6.521 Executing VM operation: HandshakeAllThreads
Event: 6.521 Executing VM operation: HandshakeAllThreads done
Event: 6.521 Executing VM operation: HandshakeAllThreads
Event: 6.521 Executing VM operation: HandshakeAllThreads done
Event: 6.686 Executing VM operation: G1CollectForAllocation
Event: 6.694 Executing VM operation: G1CollectForAllocation done

Memory protections (0 events):
No events

Nmethod flushes (0 events):
No events

Events (20 events):
Event: 0.188 Thread 0x00000101489a4f30 Thread added: 0x0000010166e5f120
Event: 0.188 Thread 0x00000101489a4f30 Thread added: 0x0000010166e645f0
Event: 0.222 Thread 0x00000101489a4f30 Thread added: 0x0000010166e14ad0
Event: 0.322 Thread 0x00000101489a4f30 Thread added: 0x000001016b19a0c0
Event: 3.715 Thread 0x0000010166e5e810 Thread added: 0x000001016c58fec0
Event: 4.226 Thread 0x00000101489a4f30 Thread added: 0x000001016c3fe6b0
Event: 4.271 Thread 0x000001016c58fec0 Thread exited: 0x000001016c58fec0
Event: 5.195 Thread 0x00000101489a4f30 Thread added: 0x000001016ca0c480
Event: 5.303 Thread 0x00000101489a4f30 Thread added: 0x000001016c8a8470
Event: 5.404 Thread 0x000001016ca0c480 Thread added: 0x000001016c8b9ec0
Event: 5.406 Thread 0x000001016c8b9ec0 Thread added: 0x000001016b4e2820
Event: 5.443 Thread 0x000001016c8b9ec0 Thread added: 0x000001016b0e3d60
Event: 5.452 Thread 0x000001016c8b9ec0 Thread added: 0x000001016b0e3850
Event: 5.463 Thread 0x000001016b0e3850 Thread added: 0x000001016b0e2410
Event: 5.466 Thread 0x000001016b0e3850 Thread added: 0x000001016b0e4780
Event: 5.467 Thread 0x000001016b0e3850 Thread added: 0x000001016b0e2920
Event: 6.128 Thread 0x000001016b0e3850 Thread added: 0x000001016b0e4270
Event: 6.140 Thread 0x000001016b0e3850 Thread added: 0x000001016b0e4c90
Event: 6.358 Thread 0x000001016b0e3850 Thread added: 0x000001016b0e2e30
Event: 6.463 Thread 0x0000010166e5f120 Thread added: 0x000001016d3127b0


Dynamic libraries:
0x00007ff615d40000 - 0x00007ff615d4e000 	C:\Program Files\Microsoft\jdk-17.0.15.6-hotspot\bin\java.exe
0x00007ff8418e0000 - 0x00007ff841b48000 	C:\WINDOWS\SYSTEM32\ntdll.dll
0x00007ff8416f0000 - 0x00007ff8417b9000 	C:\WINDOWS\System32\KERNEL32.DLL
0x00007ff83ed10000 - 0x00007ff83f103000 	C:\WINDOWS\System32\KERNELBASE.dll
0x00007ff83f110000 - 0x00007ff83f25b000 	C:\WINDOWS\System32\ucrtbase.dll
0x00007ff80bfa0000 - 0x00007ff80bfbd000 	C:\Program Files\Microsoft\jdk-17.0.15.6-hotspot\bin\VCRUNTIME140.dll
0x00007ff80bfc0000 - 0x00007ff80bfd7000 	C:\Program Files\Microsoft\jdk-17.0.15.6-hotspot\bin\jli.dll
0x00007ff83fda0000 - 0x00007ff83ff65000 	C:\WINDOWS\System32\USER32.dll
0x00007ff83f680000 - 0x00007ff83f6a7000 	C:\WINDOWS\System32\win32u.dll
0x00007ff824ac0000 - 0x00007ff824d53000 	C:\WINDOWS\WinSxS\amd64_microsoft.windows.common-controls_6595b64144ccf1df_6.0.26100.5722_none_3e089a9ae3342681\COMCTL32.dll
0x00007ff83f950000 - 0x00007ff83f97b000 	C:\WINDOWS\System32\GDI32.dll
0x00007ff83f550000 - 0x00007ff83f67d000 	C:\WINDOWS\System32\gdi32full.dll
0x00007ff83f760000 - 0x00007ff83f809000 	C:\WINDOWS\System32\msvcrt.dll
0x00007ff83f320000 - 0x00007ff83f3c3000 	C:\WINDOWS\System32\msvcp_win.dll
0x00007ff83f870000 - 0x00007ff83f89f000 	C:\WINDOWS\System32\IMM32.DLL
0x00007ff816130000 - 0x00007ff81613c000 	C:\Program Files\Microsoft\jdk-17.0.15.6-hotspot\bin\vcruntime140_1.dll
0x00007fffd0810000 - 0x00007fffd089d000 	C:\Program Files\Microsoft\jdk-17.0.15.6-hotspot\bin\msvcp140.dll
0x00007fff97620000 - 0x00007fff98292000 	C:\Program Files\Microsoft\jdk-17.0.15.6-hotspot\bin\server\jvm.dll
0x00007ff841340000 - 0x00007ff8413f4000 	C:\WINDOWS\System32\ADVAPI32.dll
0x00007ff83f6b0000 - 0x00007ff83f756000 	C:\WINDOWS\System32\sechost.dll
0x00007ff841500000 - 0x00007ff841618000 	C:\WINDOWS\System32\RPCRT4.dll
0x00007ff83f8b0000 - 0x00007ff83f924000 	C:\WINDOWS\System32\WS2_32.dll
0x00007ff83e8d0000 - 0x00007ff83e92e000 	C:\WINDOWS\SYSTEM32\POWRPROF.dll
0x00007ff830580000 - 0x00007ff83058b000 	C:\WINDOWS\SYSTEM32\VERSION.dll
0x00007ff824270000 - 0x00007ff8242a5000 	C:\WINDOWS\SYSTEM32\WINMM.dll
0x00007ff83e8b0000 - 0x00007ff83e8c4000 	C:\WINDOWS\SYSTEM32\UMPDC.dll
0x00007ff83d850000 - 0x00007ff83d86b000 	C:\WINDOWS\SYSTEM32\kernel.appcore.dll
0x00007ff816040000 - 0x00007ff81604a000 	C:\Program Files\Microsoft\jdk-17.0.15.6-hotspot\bin\jimage.dll
0x00007ff83c0f0000 - 0x00007ff83c332000 	C:\WINDOWS\SYSTEM32\DBGHELP.DLL
0x00007ff83fa20000 - 0x00007ff83fd9b000 	C:\WINDOWS\System32\combase.dll
0x00007ff8417c0000 - 0x00007ff841897000 	C:\WINDOWS\System32\OLEAUT32.dll
0x00007ff81af70000 - 0x00007ff81afad000 	C:\WINDOWS\SYSTEM32\dbgcore.DLL
0x00007ff83ec70000 - 0x00007ff83ed09000 	C:\WINDOWS\System32\bcryptPrimitives.dll
0x00007ff815cd0000 - 0x00007ff815cde000 	C:\Program Files\Microsoft\jdk-17.0.15.6-hotspot\bin\instrument.dll
0x00007ff80bf70000 - 0x00007ff80bf95000 	C:\Program Files\Microsoft\jdk-17.0.15.6-hotspot\bin\java.dll
0x00007fffcbaf0000 - 0x00007fffcbbc6000 	C:\Program Files\Microsoft\jdk-17.0.15.6-hotspot\bin\jsvml.dll
0x00007ff840a90000 - 0x00007ff8411d8000 	C:\WINDOWS\System32\SHELL32.dll
0x00007ff83ea70000 - 0x00007ff83ebdc000 	C:\WINDOWS\System32\wintypes.dll
0x00007ff83c6a0000 - 0x00007ff83cef7000 	C:\WINDOWS\SYSTEM32\windows.storage.dll
0x00007ff841230000 - 0x00007ff841320000 	C:\WINDOWS\System32\SHCORE.dll
0x00007ff83ff70000 - 0x00007ff83ffd2000 	C:\WINDOWS\System32\shlwapi.dll
0x00007ff83e990000 - 0x00007ff83e9b8000 	C:\WINDOWS\SYSTEM32\profapi.dll
0x00007ffff0520000 - 0x00007ffff0538000 	C:\Program Files\Microsoft\jdk-17.0.15.6-hotspot\bin\zip.dll
0x00007ffffac30000 - 0x00007ffffac4a000 	C:\Program Files\Microsoft\jdk-17.0.15.6-hotspot\bin\net.dll
0x00007ff8311b0000 - 0x00007ff8312ce000 	C:\WINDOWS\SYSTEM32\WINHTTP.dll
0x00007ff83ddd0000 - 0x00007ff83de3b000 	C:\WINDOWS\system32\mswsock.dll
0x00007ffff0540000 - 0x00007ffff0556000 	C:\Program Files\Microsoft\jdk-17.0.15.6-hotspot\bin\nio.dll
0x00007ff816000000 - 0x00007ff816010000 	C:\Program Files\Microsoft\jdk-17.0.15.6-hotspot\bin\verify.dll
0x00007ff8225f0000 - 0x00007ff822617000 	C:\Users\ANAND KUMAR E\.gradle\native\1def1411415f61bf3af743bc5b6707747c0891f09f0c88961ee8f79bc544acac\windows-amd64\native-platform.dll
0x00007fffce6b0000 - 0x00007fffce728000 	C:\Users\ANAND KUMAR E\.gradle\native\0.2.7\x86_64-windows-gnu\gradle-fileevents.dll
0x00007ff81c3f0000 - 0x00007ff81c3fa000 	C:\Program Files\Microsoft\jdk-17.0.15.6-hotspot\bin\management.dll
0x00007ff81c3e0000 - 0x00007ff81c3eb000 	C:\Program Files\Microsoft\jdk-17.0.15.6-hotspot\bin\management_ext.dll
0x00007ff841330000 - 0x00007ff841338000 	C:\WINDOWS\System32\PSAPI.DLL
0x00007ff83d270000 - 0x00007ff83d2a4000 	C:\WINDOWS\SYSTEM32\IPHLPAPI.DLL
0x00007ff840a80000 - 0x00007ff840a8a000 	C:\WINDOWS\System32\NSI.dll
0x00007ff838620000 - 0x00007ff83863f000 	C:\WINDOWS\SYSTEM32\dhcpcsvc6.DLL
0x00007ff838490000 - 0x00007ff8384b5000 	C:\WINDOWS\SYSTEM32\dhcpcsvc.DLL
0x00007ff83d2c0000 - 0x00007ff83d3e6000 	C:\WINDOWS\SYSTEM32\DNSAPI.dll
0x00007ff815dc0000 - 0x00007ff815dc9000 	C:\Program Files\Microsoft\jdk-17.0.15.6-hotspot\bin\extnet.dll
0x00007ff83e080000 - 0x00007ff83e09b000 	C:\WINDOWS\SYSTEM32\CRYPTSP.dll
0x00007ff83d7b0000 - 0x00007ff83d7eb000 	C:\WINDOWS\system32\rsaenh.dll
0x00007ff83de70000 - 0x00007ff83de9b000 	C:\WINDOWS\SYSTEM32\USERENV.dll
0x00007ff83e960000 - 0x00007ff83e986000 	C:\WINDOWS\SYSTEM32\bcrypt.dll
0x00007ff83e070000 - 0x00007ff83e07c000 	C:\WINDOWS\SYSTEM32\CRYPTBASE.dll
0x00007ff815ae0000 - 0x00007ff815aee000 	C:\Program Files\Microsoft\jdk-17.0.15.6-hotspot\bin\sunmscapi.dll
0x00007ff83f3d0000 - 0x00007ff83f547000 	C:\WINDOWS\System32\CRYPT32.dll
0x00007ff83e290000 - 0x00007ff83e2c0000 	C:\WINDOWS\SYSTEM32\ncrypt.dll
0x00007ff83e240000 - 0x00007ff83e27f000 	C:\WINDOWS\SYSTEM32\NTASN1.dll
0x00007ff82e390000 - 0x00007ff82e398000 	C:\WINDOWS\system32\wshunix.dll

dbghelp: loaded successfully - version: 4.0.5 - missing functions: none
symbol engine: initialized successfully - sym options: 0x614 - pdb path: .;C:\Program Files\Microsoft\jdk-17.0.15.6-hotspot\bin;C:\WINDOWS\SYSTEM32;C:\WINDOWS\WinSxS\amd64_microsoft.windows.common-controls_6595b64144ccf1df_6.0.26100.5722_none_3e089a9ae3342681;C:\Program Files\Microsoft\jdk-17.0.15.6-hotspot\bin\server;C:\Users\ANAND KUMAR E\.gradle\native\1def1411415f61bf3af743bc5b6707747c0891f09f0c88961ee8f79bc544acac\windows-amd64;C:\Users\ANAND KUMAR E\.gradle\native\0.2.7\x86_64-windows-gnu

VM Arguments:
jvm_args: --add-opens=java.base/java.lang=ALL-UNNAMED --add-opens=java.base/java.lang.invoke=ALL-UNNAMED --add-opens=java.base/java.util=ALL-UNNAMED --add-opens=java.prefs/java.util.prefs=ALL-UNNAMED --add-exports=jdk.compiler/com.sun.tools.javac.api=ALL-UNNAMED --add-exports=jdk.compiler/com.sun.tools.javac.util=ALL-UNNAMED --add-opens=java.base/java.util=ALL-UNNAMED --add-opens=java.prefs/java.util.prefs=ALL-UNNAMED --add-opens=java.base/java.nio.charset=ALL-UNNAMED --add-opens=java.base/java.net=ALL-UNNAMED --add-opens=java.base/java.util.concurrent.atomic=ALL-UNNAMED --add-opens=java.xml/javax.xml.namespace=ALL-UNNAMED -XX:MaxMetaspaceSize=512m -Xmx2048m -Dfile.encoding=UTF-8 -Duser.country=IN -Duser.language=en -Duser.variant -javaagent:C:\Users\ANAND KUMAR E\.gradle\wrapper\dists\gradle-8.14.1-bin\baw1sv0jfoi8rxs14qo3h49cs\gradle-8.14.1\lib\agents\gradle-instrumentation-agent-8.14.1.jar 
java_command: org.gradle.launcher.daemon.bootstrap.GradleDaemon 8.14.1
java_class_path (initial): C:\Users\ANAND KUMAR E\.gradle\wrapper\dists\gradle-8.14.1-bin\baw1sv0jfoi8rxs14qo3h49cs\gradle-8.14.1\lib\gradle-daemon-main-8.14.1.jar
Launcher Type: SUN_STANDARD

[Global flags]
     intx CICompilerCount                          = 4                                         {product} {ergonomic}
   size_t CompressedClassSpaceSize                 = 436207616                                 {product} {ergonomic}
     uint ConcGCThreads                            = 2                                         {product} {ergonomic}
     uint G1ConcRefinementThreads                  = 8                                         {product} {ergonomic}
   size_t G1HeapRegionSize                         = 1048576                                   {product} {ergonomic}
    uintx GCDrainStackTargetSize                   = 64                                        {product} {ergonomic}
   size_t InitialHeapSize                          = 132120576                                 {product} {ergonomic}
   size_t MarkStackSize                            = 4194304                                   {product} {ergonomic}
   size_t MaxHeapSize                              = 2147483648                                {product} {command line}
   size_t MaxMetaspaceSize                         = 536870912                                 {product} {command line}
   size_t MaxNewSize                               = 1287651328                                {product} {ergonomic}
   size_t MinHeapDeltaBytes                        = 1048576                                   {product} {ergonomic}
   size_t MinHeapSize                              = 8388608                                   {product} {ergonomic}
    uintx NonNMethodCodeHeapSize                   = 5839372                                {pd product} {ergonomic}
    uintx NonProfiledCodeHeapSize                  = 122909434                              {pd product} {ergonomic}
    uintx ProfiledCodeHeapSize                     = 122909434                              {pd product} {ergonomic}
    uintx ReservedCodeCacheSize                    = 251658240                              {pd product} {ergonomic}
     bool SegmentedCodeCache                       = true                                      {product} {ergonomic}
   size_t SoftMaxHeapSize                          = 2147483648                             {manageable} {ergonomic}
     bool UseCompressedClassPointers               = true                           {product lp64_product} {ergonomic}
     bool UseCompressedOops                        = true                           {product lp64_product} {ergonomic}
     bool UseG1GC                                  = true                                      {product} {ergonomic}
     bool UseLargePagesIndividualAllocation        = false                                  {pd product} {ergonomic}

Logging:
Log output configuration:
 #0: stdout all=warning uptime,level,tags
 #1: stderr all=off uptime,level,tags

Environment Variables:
JAVA_HOME=C:\Program Files\Microsoft\jdk-17.0.15.6-hotspot\
PATH=C:\Program Files\Microsoft\jdk-17.0.15.6-hotspot\bin;C:\Program Files\Common Files\Oracle\Java\javapath;C:\Users\ANAND KUMAR E;C:\Program Files\Microsoft MPI\Bin\;C:\windows\system32;C:\windows;C:\windows\System32\Wbem;C:\windows\System32\WindowsPowerShell\v1.0\;C:\windows\System32\OpenSSH\;C:\Program Files (x86)\NVIDIA Corporation\PhysX\Common;C:\Program Files\NVIDIA Corporation\NVIDIA NvDLISR;C:\WINDOWS\system32;C:\WINDOWS;C:\WINDOWS\System32\Wbem;C:\WINDOWS\System32\WindowsPowerShell\v1.0\;C:\WINDOWS\System32\OpenSSH\;C:\Program Files\MATLAB\R2018a\runtime\win64;C:\Program Files\MATLAB\R2018a\bin;C:\Users\ANAND KUMAR E\AppData\Local\Programs\Python\Python311\;C:\Users\ANAND KUMAR E\AppData\Local\Programs\Python\Python311\Scripts\;C:\Users\website\mongosh-2.2.12-win32-x64\bin;C:\ProgramData\chocolatey\bin;C:\Program Files\Git\cmd;C:\Program Files\Git;C:\Program Files\Git\bin;c:\Users\ANAND KUMAR E\AppData\Local\Programs\cursor\resources\app\bin;c:\Users\ANAND KUMAR E\AppData\Local\Programs\cursor\resources\app\bin;C:\Users\ANAND KUMAR E\AppData\Local\Programs\Python\Python313;C:\Program Files\Microsoft\jdk-17.0.15.6-hotspot\\bin;C:\Program Files\nodejs\;C:\Users\ANAND KUMAR E\AppData\Roaming\npm;C:\Users\ANAND KUMAR E\AppData\Local\Android\Sdk\platform-tools;C:\Users\ANAND KUMAR E\AppData\Local\Programs\Python\Python310\Scripts;C:\Users\ANAND KUMAR E\AppData\Local\Android\Sdk\platform-tools;C:\Users\ANAND KUMAR E\AppData\Local\Android\Sdk\tools;C:\Users\ANAND KUMAR E\AppData\Local\Android\Sdk\tools;C:\Users\ANAND KUMAR E\AppData\Local\Programs\Python\Python310\Scripts\;C:\Users\ANAND KUMAR E\AppData\Local\Programs\Python\Python310\;C:\Users\ANAND KUMAR E\AppData\Local\Programs\Python\Launcher\;C:\Users\ANAND KUMAR E\AppData\Local\pnpm;C:\Users\ANAND KUMAR E\AppData\Local\Microsoft\WindowsApps;C:\Program Files\JetBrains\PyCharm 2021.3\bin;C:\Program Files\JetBrains\PyCharm Community Edition 2021.3\bin;%IntelliJ IDEA Community Edition%;C:\Users\ANAND KUMAR E\AppData\Local\Microsoft\WindowsApps;C:\Program Files\JetBrains\PyCharm Community Edition 2022.3.1\bin;C:\Program Files\heroku\bin;C:\Users\ANAND KUMAR E\AppData\Local\Programs\Microsoft VS Code\bin;C:\Users\ANAND KUMAR E\.lmstudio\bin;C:\Users\ANAND KUMAR E\AppData\Local\Programs\Python\Python313;C:\Users\ANAND;C:\Users\ANAND KUMAR E\AppData\Local\Programs\cursor\resources\app\bin
USERNAME=ANAND KUMAR E
OS=Windows_NT
PROCESSOR_IDENTIFIER=Intel64 Family 6 Model 140 Stepping 1, GenuineIntel
TMP=C:\Users\ANANDK~1\AppData\Local\Temp
TEMP=C:\Users\ANANDK~1\AppData\Local\Temp



Periodic native trim disabled


---------------  S Y S T E M  ---------------

OS:
 Windows 11 , 64 bit Build 26100 (10.0.26100.5733)
OS uptime: 1 days 7:23 hours
Hyper-V role detected

CPU: total 8 (initial active 8) (4 cores per cpu, 2 threads per core) family 6 model 140 stepping 1 microcode 0xbc, cx8, cmov, fxsr, ht, mmx, 3dnowpref, sse, sse2, sse3, ssse3, sse4.1, sse4.2, popcnt, lzcnt, tsc, tscinvbit, avx, avx2, aes, erms, clmul, bmi1, bmi2, adx, avx512f, avx512dq, avx512cd, avx512bw, avx512vl, sha, fma, vzeroupper, avx512_vpopcntdq, avx512_vpclmulqdq, avx512_vaes, avx512_vnni, clflush, clflushopt, clwb, avx512_vbmi2, avx512_vbmi, hv
Processor Information for the first 8 processors :
  Max Mhz: 3110, Current Mhz: 3110, Mhz Limit: 3110

Memory: 4k page, system-wide physical 7937M (772M free)
TotalPageFile size 32513M (AvailPageFile size 12M)
current process WorkingSet (physical memory assigned to process): 220M, peak: 228M
current process commit charge ("private bytes"): 294M, peak: 305M

vm_info: OpenJDK 64-Bit Server VM (17.0.15+6-LTS) for windows-amd64 JRE (17.0.15+6-LTS), built on Apr  9 2025 22:27:25 by "MicrosoftCorporation" with unknown MS VC++:1939

END.
